<?xml version="1.0" encoding="UTF-8"?>
<!-- Generated by org.testng.reporters.JUnitReportReporter -->
<testsuite hostname="DESKTOP-HGQB9IE" failures="0" tests="1" name="FirstTest.LaunchBrowser" time="21.381" errors="0" timestamp="2023-07-10T07:23:01 IST" skipped="0">
  <testcase classname="FirstTest.LaunchBrowser" name="launchBrowser" time="21.381"/>
</testsuite> <!-- FirstTest.LaunchBrowser -->
